2019-10-10 11:13:20,412 INFO 13386 [egg-schedule]: register schedule /Users/timeGap/webSpace/blog-server/node_modules/egg-multipart/app/schedule/clean_tmpdir.js
2019-10-10 11:13:20,412 INFO 13386 [egg-schedule]: register schedule /Users/timeGap/webSpace/blog-server/node_modules/egg-logrotator/app/schedule/clean_log.js
2019-10-10 11:13:20,412 INFO 13386 [egg-schedule]: register schedule /Users/timeGap/webSpace/blog-server/node_modules/egg-logrotator/app/schedule/rotate_by_file.js
2019-10-10 11:13:20,460 INFO 13386 [Timer] /Users/timeGap/webSpace/blog-server/node_modules/egg-multipart/app/schedule/clean_tmpdir.js next time will execute after 62199541ms at 2019-10-11 04:30:00.001
2019-10-10 11:13:20,461 INFO 13386 [Timer] /Users/timeGap/webSpace/blog-server/node_modules/egg-logrotator/app/schedule/clean_log.js next time will execute after 45999539ms at 2019-10-11 00:00:00.000
2019-10-10 11:13:20,461 INFO 13386 [Timer] /Users/timeGap/webSpace/blog-server/node_modules/egg-logrotator/app/schedule/rotate_by_file.js next time will execute after 46000539ms at 2019-10-11 00:00:01.000
2019-10-17 10:00:16,259 INFO 38334 [Timer] /Users/timeGap/webSpace/blog-server/node_modules/egg-multipart/app/schedule/clean_tmpdir.js next time will execute after 66583743ms at 2019-10-18 04:30:00.002
2019-10-17 10:00:16,260 INFO 38334 [Timer] /Users/timeGap/webSpace/blog-server/node_modules/egg-logrotator/app/schedule/clean_log.js next time will execute after 50383740ms at 2019-10-18 00:00:00.000
2019-10-17 10:00:16,260 INFO 38334 [Timer] /Users/timeGap/webSpace/blog-server/node_modules/egg-logrotator/app/schedule/rotate_by_file.js next time will execute after 50384740ms at 2019-10-18 00:00:01.000
2019-10-17 10:00:16,134 INFO 38335 [egg-schedule]: register schedule /Users/timeGap/webSpace/blog-server/node_modules/egg-multipart/app/schedule/clean_tmpdir.js
2019-10-17 10:00:16,134 INFO 38335 [egg-schedule]: register schedule /Users/timeGap/webSpace/blog-server/node_modules/egg-logrotator/app/schedule/clean_log.js
2019-10-17 10:00:16,134 INFO 38335 [egg-schedule]: register schedule /Users/timeGap/webSpace/blog-server/node_modules/egg-logrotator/app/schedule/rotate_by_file.js
2019-10-17 10:07:48,471 INFO 38524 [egg-schedule]: register schedule /Users/timeGap/webSpace/blog-server/node_modules/egg-multipart/app/schedule/clean_tmpdir.js
2019-10-17 10:07:48,471 INFO 38524 [egg-schedule]: register schedule /Users/timeGap/webSpace/blog-server/node_modules/egg-logrotator/app/schedule/clean_log.js
2019-10-17 10:07:48,471 INFO 38524 [egg-schedule]: register schedule /Users/timeGap/webSpace/blog-server/node_modules/egg-logrotator/app/schedule/rotate_by_file.js
2019-10-17 10:15:33,152 INFO 38549 [egg-schedule]: register schedule /Users/timeGap/webSpace/blog-server/node_modules/egg-multipart/app/schedule/clean_tmpdir.js
2019-10-17 10:15:33,152 INFO 38549 [egg-schedule]: register schedule /Users/timeGap/webSpace/blog-server/node_modules/egg-logrotator/app/schedule/clean_log.js
2019-10-17 10:15:33,152 INFO 38549 [egg-schedule]: register schedule /Users/timeGap/webSpace/blog-server/node_modules/egg-logrotator/app/schedule/rotate_by_file.js
2019-10-17 10:16:22,522 INFO 38557 [egg-schedule]: register schedule /Users/timeGap/webSpace/blog-server/node_modules/egg-multipart/app/schedule/clean_tmpdir.js
2019-10-17 10:16:22,522 INFO 38557 [egg-schedule]: register schedule /Users/timeGap/webSpace/blog-server/node_modules/egg-logrotator/app/schedule/clean_log.js
2019-10-17 10:16:22,522 INFO 38557 [egg-schedule]: register schedule /Users/timeGap/webSpace/blog-server/node_modules/egg-logrotator/app/schedule/rotate_by_file.js
2019-10-17 10:22:37,567 INFO 38568 [egg-schedule]: register schedule /Users/timeGap/webSpace/blog-server/node_modules/egg-multipart/app/schedule/clean_tmpdir.js
2019-10-17 10:22:37,567 INFO 38568 [egg-schedule]: register schedule /Users/timeGap/webSpace/blog-server/node_modules/egg-logrotator/app/schedule/clean_log.js
2019-10-17 10:22:37,567 INFO 38568 [egg-schedule]: register schedule /Users/timeGap/webSpace/blog-server/node_modules/egg-logrotator/app/schedule/rotate_by_file.js
2019-10-17 10:22:47,195 INFO 38569 [egg-schedule]: register schedule /Users/timeGap/webSpace/blog-server/node_modules/egg-multipart/app/schedule/clean_tmpdir.js
2019-10-17 10:22:47,195 INFO 38569 [egg-schedule]: register schedule /Users/timeGap/webSpace/blog-server/node_modules/egg-logrotator/app/schedule/clean_log.js
2019-10-17 10:22:47,195 INFO 38569 [egg-schedule]: register schedule /Users/timeGap/webSpace/blog-server/node_modules/egg-logrotator/app/schedule/rotate_by_file.js
2019-10-17 10:23:03,868 INFO 38571 [egg-schedule]: register schedule /Users/timeGap/webSpace/blog-server/node_modules/egg-multipart/app/schedule/clean_tmpdir.js
2019-10-17 10:23:03,868 INFO 38571 [egg-schedule]: register schedule /Users/timeGap/webSpace/blog-server/node_modules/egg-logrotator/app/schedule/clean_log.js
2019-10-17 10:23:03,868 INFO 38571 [egg-schedule]: register schedule /Users/timeGap/webSpace/blog-server/node_modules/egg-logrotator/app/schedule/rotate_by_file.js
2019-10-17 10:25:20,699 INFO 38581 [egg-schedule]: register schedule /Users/timeGap/webSpace/blog-server/node_modules/egg-multipart/app/schedule/clean_tmpdir.js
2019-10-17 10:25:20,699 INFO 38581 [egg-schedule]: register schedule /Users/timeGap/webSpace/blog-server/node_modules/egg-logrotator/app/schedule/clean_log.js
2019-10-17 10:25:20,699 INFO 38581 [egg-schedule]: register schedule /Users/timeGap/webSpace/blog-server/node_modules/egg-logrotator/app/schedule/rotate_by_file.js
2019-10-17 10:26:04,967 INFO 38585 [egg-schedule]: register schedule /Users/timeGap/webSpace/blog-server/node_modules/egg-multipart/app/schedule/clean_tmpdir.js
2019-10-17 10:26:04,967 INFO 38585 [egg-schedule]: register schedule /Users/timeGap/webSpace/blog-server/node_modules/egg-logrotator/app/schedule/clean_log.js
2019-10-17 10:26:04,967 INFO 38585 [egg-schedule]: register schedule /Users/timeGap/webSpace/blog-server/node_modules/egg-logrotator/app/schedule/rotate_by_file.js
2019-10-17 10:26:49,333 INFO 38587 [egg-schedule]: register schedule /Users/timeGap/webSpace/blog-server/node_modules/egg-multipart/app/schedule/clean_tmpdir.js
2019-10-17 10:26:49,333 INFO 38587 [egg-schedule]: register schedule /Users/timeGap/webSpace/blog-server/node_modules/egg-logrotator/app/schedule/clean_log.js
2019-10-17 10:26:49,333 INFO 38587 [egg-schedule]: register schedule /Users/timeGap/webSpace/blog-server/node_modules/egg-logrotator/app/schedule/rotate_by_file.js
2019-10-17 10:36:25,513 INFO 38672 [Timer] /Users/timeGap/webSpace/blog-server/node_modules/egg-multipart/app/schedule/clean_tmpdir.js next time will execute after 64414489ms at 2019-10-18 04:30:00.002
2019-10-17 10:36:25,514 INFO 38672 [Timer] /Users/timeGap/webSpace/blog-server/node_modules/egg-logrotator/app/schedule/clean_log.js next time will execute after 48214487ms at 2019-10-18 00:00:00.001
2019-10-17 10:36:25,514 INFO 38672 [Timer] /Users/timeGap/webSpace/blog-server/node_modules/egg-logrotator/app/schedule/rotate_by_file.js next time will execute after 48215486ms at 2019-10-18 00:00:01.000
2019-10-17 10:36:25,449 INFO 38673 [egg-schedule]: register schedule /Users/timeGap/webSpace/blog-server/node_modules/egg-multipart/app/schedule/clean_tmpdir.js
2019-10-17 10:36:25,449 INFO 38673 [egg-schedule]: register schedule /Users/timeGap/webSpace/blog-server/node_modules/egg-logrotator/app/schedule/clean_log.js
2019-10-17 10:36:25,449 INFO 38673 [egg-schedule]: register schedule /Users/timeGap/webSpace/blog-server/node_modules/egg-logrotator/app/schedule/rotate_by_file.js
2019-10-17 10:38:04,158 INFO 38678 [egg-schedule]: register schedule /Users/timeGap/webSpace/blog-server/node_modules/egg-multipart/app/schedule/clean_tmpdir.js
2019-10-17 10:38:04,158 INFO 38678 [egg-schedule]: register schedule /Users/timeGap/webSpace/blog-server/node_modules/egg-logrotator/app/schedule/clean_log.js
2019-10-17 10:38:04,158 INFO 38678 [egg-schedule]: register schedule /Users/timeGap/webSpace/blog-server/node_modules/egg-logrotator/app/schedule/rotate_by_file.js
2019-10-17 10:38:16,137 INFO 38685 [Timer] /Users/timeGap/webSpace/blog-server/node_modules/egg-multipart/app/schedule/clean_tmpdir.js next time will execute after 64303865ms at 2019-10-18 04:30:00.002
2019-10-17 10:38:16,138 INFO 38685 [Timer] /Users/timeGap/webSpace/blog-server/node_modules/egg-logrotator/app/schedule/clean_log.js next time will execute after 48103863ms at 2019-10-18 00:00:00.001
2019-10-17 10:38:16,138 INFO 38685 [Timer] /Users/timeGap/webSpace/blog-server/node_modules/egg-logrotator/app/schedule/rotate_by_file.js next time will execute after 48104862ms at 2019-10-18 00:00:01.000
2019-10-17 10:38:16,081 INFO 38686 [egg-schedule]: register schedule /Users/timeGap/webSpace/blog-server/node_modules/egg-multipart/app/schedule/clean_tmpdir.js
2019-10-17 10:38:16,081 INFO 38686 [egg-schedule]: register schedule /Users/timeGap/webSpace/blog-server/node_modules/egg-logrotator/app/schedule/clean_log.js
2019-10-17 10:38:16,081 INFO 38686 [egg-schedule]: register schedule /Users/timeGap/webSpace/blog-server/node_modules/egg-logrotator/app/schedule/rotate_by_file.js
2019-10-17 10:42:02,613 INFO 38710 [Timer] /Users/timeGap/webSpace/blog-server/node_modules/egg-multipart/app/schedule/clean_tmpdir.js next time will execute after 64077389ms at 2019-10-18 04:30:00.002
2019-10-17 10:42:02,614 INFO 38710 [Timer] /Users/timeGap/webSpace/blog-server/node_modules/egg-logrotator/app/schedule/clean_log.js next time will execute after 47877387ms at 2019-10-18 00:00:00.001
2019-10-17 10:42:02,614 INFO 38710 [Timer] /Users/timeGap/webSpace/blog-server/node_modules/egg-logrotator/app/schedule/rotate_by_file.js next time will execute after 47878386ms at 2019-10-18 00:00:01.000
2019-10-17 10:42:02,557 INFO 38711 [egg-schedule]: register schedule /Users/timeGap/webSpace/blog-server/node_modules/egg-multipart/app/schedule/clean_tmpdir.js
2019-10-17 10:42:02,558 INFO 38711 [egg-schedule]: register schedule /Users/timeGap/webSpace/blog-server/node_modules/egg-logrotator/app/schedule/clean_log.js
2019-10-17 10:42:02,558 INFO 38711 [egg-schedule]: register schedule /Users/timeGap/webSpace/blog-server/node_modules/egg-logrotator/app/schedule/rotate_by_file.js
2019-10-17 10:46:31,535 INFO 38758 [Timer] /Users/timeGap/webSpace/blog-server/node_modules/egg-multipart/app/schedule/clean_tmpdir.js next time will execute after 63808467ms at 2019-10-18 04:30:00.002
2019-10-17 10:46:31,535 INFO 38758 [Timer] /Users/timeGap/webSpace/blog-server/node_modules/egg-logrotator/app/schedule/clean_log.js next time will execute after 47608465ms at 2019-10-18 00:00:00.000
2019-10-17 10:46:31,535 INFO 38758 [Timer] /Users/timeGap/webSpace/blog-server/node_modules/egg-logrotator/app/schedule/rotate_by_file.js next time will execute after 47609465ms at 2019-10-18 00:00:01.000
2019-10-17 10:46:31,479 INFO 38759 [egg-schedule]: register schedule /Users/timeGap/webSpace/blog-server/node_modules/egg-multipart/app/schedule/clean_tmpdir.js
2019-10-17 10:46:31,479 INFO 38759 [egg-schedule]: register schedule /Users/timeGap/webSpace/blog-server/node_modules/egg-logrotator/app/schedule/clean_log.js
2019-10-17 10:46:31,479 INFO 38759 [egg-schedule]: register schedule /Users/timeGap/webSpace/blog-server/node_modules/egg-logrotator/app/schedule/rotate_by_file.js
2019-10-17 10:46:56,465 INFO 38762 [egg-schedule]: register schedule /Users/timeGap/webSpace/blog-server/node_modules/egg-multipart/app/schedule/clean_tmpdir.js
2019-10-17 10:46:56,465 INFO 38762 [egg-schedule]: register schedule /Users/timeGap/webSpace/blog-server/node_modules/egg-logrotator/app/schedule/clean_log.js
2019-10-17 10:46:56,465 INFO 38762 [egg-schedule]: register schedule /Users/timeGap/webSpace/blog-server/node_modules/egg-logrotator/app/schedule/rotate_by_file.js
2019-10-17 10:47:49,847 INFO 38764 [egg-schedule]: register schedule /Users/timeGap/webSpace/blog-server/node_modules/egg-multipart/app/schedule/clean_tmpdir.js
2019-10-17 10:47:49,847 INFO 38764 [egg-schedule]: register schedule /Users/timeGap/webSpace/blog-server/node_modules/egg-logrotator/app/schedule/clean_log.js
2019-10-17 10:47:49,847 INFO 38764 [egg-schedule]: register schedule /Users/timeGap/webSpace/blog-server/node_modules/egg-logrotator/app/schedule/rotate_by_file.js
2019-10-17 10:47:56,374 INFO 38771 [Timer] /Users/timeGap/webSpace/blog-server/node_modules/egg-multipart/app/schedule/clean_tmpdir.js next time will execute after 63723628ms at 2019-10-18 04:30:00.002
2019-10-17 10:47:56,374 INFO 38771 [Timer] /Users/timeGap/webSpace/blog-server/node_modules/egg-logrotator/app/schedule/clean_log.js next time will execute after 47523626ms at 2019-10-18 00:00:00.000
2019-10-17 10:47:56,374 INFO 38771 [Timer] /Users/timeGap/webSpace/blog-server/node_modules/egg-logrotator/app/schedule/rotate_by_file.js next time will execute after 47524626ms at 2019-10-18 00:00:01.000
2019-10-17 10:47:56,317 INFO 38772 [egg-schedule]: register schedule /Users/timeGap/webSpace/blog-server/node_modules/egg-multipart/app/schedule/clean_tmpdir.js
2019-10-17 10:47:56,317 INFO 38772 [egg-schedule]: register schedule /Users/timeGap/webSpace/blog-server/node_modules/egg-logrotator/app/schedule/clean_log.js
2019-10-17 10:47:56,317 INFO 38772 [egg-schedule]: register schedule /Users/timeGap/webSpace/blog-server/node_modules/egg-logrotator/app/schedule/rotate_by_file.js
2019-10-17 10:48:10,899 INFO 38773 [egg-schedule]: register schedule /Users/timeGap/webSpace/blog-server/node_modules/egg-multipart/app/schedule/clean_tmpdir.js
2019-10-17 10:48:10,899 INFO 38773 [egg-schedule]: register schedule /Users/timeGap/webSpace/blog-server/node_modules/egg-logrotator/app/schedule/clean_log.js
2019-10-17 10:48:10,899 INFO 38773 [egg-schedule]: register schedule /Users/timeGap/webSpace/blog-server/node_modules/egg-logrotator/app/schedule/rotate_by_file.js
2019-10-17 10:48:21,621 INFO 38781 [egg-schedule]: register schedule /Users/timeGap/webSpace/blog-server/node_modules/egg-multipart/app/schedule/clean_tmpdir.js
2019-10-17 10:48:21,621 INFO 38781 [egg-schedule]: register schedule /Users/timeGap/webSpace/blog-server/node_modules/egg-logrotator/app/schedule/clean_log.js
2019-10-17 10:48:21,621 INFO 38781 [egg-schedule]: register schedule /Users/timeGap/webSpace/blog-server/node_modules/egg-logrotator/app/schedule/rotate_by_file.js
2019-10-17 10:48:21,752 INFO 38780 [Timer] /Users/timeGap/webSpace/blog-server/node_modules/egg-multipart/app/schedule/clean_tmpdir.js next time will execute after 63698249ms at 2019-10-18 04:30:00.001
2019-10-17 10:48:21,753 INFO 38780 [Timer] /Users/timeGap/webSpace/blog-server/node_modules/egg-logrotator/app/schedule/clean_log.js next time will execute after 47498247ms at 2019-10-18 00:00:00.000
2019-10-17 10:48:21,753 INFO 38780 [Timer] /Users/timeGap/webSpace/blog-server/node_modules/egg-logrotator/app/schedule/rotate_by_file.js next time will execute after 47499247ms at 2019-10-18 00:00:01.000
2019-10-17 10:48:32,854 INFO 38782 [egg-schedule]: register schedule /Users/timeGap/webSpace/blog-server/node_modules/egg-multipart/app/schedule/clean_tmpdir.js
2019-10-17 10:48:32,854 INFO 38782 [egg-schedule]: register schedule /Users/timeGap/webSpace/blog-server/node_modules/egg-logrotator/app/schedule/clean_log.js
2019-10-17 10:48:32,854 INFO 38782 [egg-schedule]: register schedule /Users/timeGap/webSpace/blog-server/node_modules/egg-logrotator/app/schedule/rotate_by_file.js
2019-10-17 10:48:43,687 INFO 38789 [Timer] /Users/timeGap/webSpace/blog-server/node_modules/egg-multipart/app/schedule/clean_tmpdir.js next time will execute after 63676316ms at 2019-10-18 04:30:00.002
2019-10-17 10:48:43,687 INFO 38789 [Timer] /Users/timeGap/webSpace/blog-server/node_modules/egg-logrotator/app/schedule/clean_log.js next time will execute after 47476313ms at 2019-10-18 00:00:00.000
2019-10-17 10:48:43,687 INFO 38789 [Timer] /Users/timeGap/webSpace/blog-server/node_modules/egg-logrotator/app/schedule/rotate_by_file.js next time will execute after 47477313ms at 2019-10-18 00:00:01.000
2019-10-17 10:48:43,566 INFO 38790 [egg-schedule]: register schedule /Users/timeGap/webSpace/blog-server/node_modules/egg-multipart/app/schedule/clean_tmpdir.js
2019-10-17 10:48:43,566 INFO 38790 [egg-schedule]: register schedule /Users/timeGap/webSpace/blog-server/node_modules/egg-logrotator/app/schedule/clean_log.js
2019-10-17 10:48:43,566 INFO 38790 [egg-schedule]: register schedule /Users/timeGap/webSpace/blog-server/node_modules/egg-logrotator/app/schedule/rotate_by_file.js
2019-10-17 10:49:19,020 INFO 38812 [Timer] /Users/timeGap/webSpace/blog-server/node_modules/egg-multipart/app/schedule/clean_tmpdir.js next time will execute after 63640983ms at 2019-10-18 04:30:00.003
2019-10-17 10:49:19,020 INFO 38812 [Timer] /Users/timeGap/webSpace/blog-server/node_modules/egg-logrotator/app/schedule/clean_log.js next time will execute after 47440980ms at 2019-10-18 00:00:00.000
2019-10-17 10:49:19,020 INFO 38812 [Timer] /Users/timeGap/webSpace/blog-server/node_modules/egg-logrotator/app/schedule/rotate_by_file.js next time will execute after 47441980ms at 2019-10-18 00:00:01.000
2019-10-17 10:49:18,890 INFO 38813 [egg-schedule]: register schedule /Users/timeGap/webSpace/blog-server/node_modules/egg-multipart/app/schedule/clean_tmpdir.js
2019-10-17 10:49:18,890 INFO 38813 [egg-schedule]: register schedule /Users/timeGap/webSpace/blog-server/node_modules/egg-logrotator/app/schedule/clean_log.js
2019-10-17 10:49:18,890 INFO 38813 [egg-schedule]: register schedule /Users/timeGap/webSpace/blog-server/node_modules/egg-logrotator/app/schedule/rotate_by_file.js
2019-10-17 10:49:32,429 INFO 38815 [egg-schedule]: register schedule /Users/timeGap/webSpace/blog-server/node_modules/egg-multipart/app/schedule/clean_tmpdir.js
2019-10-17 10:49:32,429 INFO 38815 [egg-schedule]: register schedule /Users/timeGap/webSpace/blog-server/node_modules/egg-logrotator/app/schedule/clean_log.js
2019-10-17 10:49:32,429 INFO 38815 [egg-schedule]: register schedule /Users/timeGap/webSpace/blog-server/node_modules/egg-logrotator/app/schedule/rotate_by_file.js
2019-10-17 10:49:40,410 INFO 38816 [egg-schedule]: register schedule /Users/timeGap/webSpace/blog-server/node_modules/egg-multipart/app/schedule/clean_tmpdir.js
2019-10-17 10:49:40,410 INFO 38816 [egg-schedule]: register schedule /Users/timeGap/webSpace/blog-server/node_modules/egg-logrotator/app/schedule/clean_log.js
2019-10-17 10:49:40,410 INFO 38816 [egg-schedule]: register schedule /Users/timeGap/webSpace/blog-server/node_modules/egg-logrotator/app/schedule/rotate_by_file.js
2019-10-17 10:49:53,211 INFO 38818 [egg-schedule]: register schedule /Users/timeGap/webSpace/blog-server/node_modules/egg-multipart/app/schedule/clean_tmpdir.js
2019-10-17 10:49:53,211 INFO 38818 [egg-schedule]: register schedule /Users/timeGap/webSpace/blog-server/node_modules/egg-logrotator/app/schedule/clean_log.js
2019-10-17 10:49:53,211 INFO 38818 [egg-schedule]: register schedule /Users/timeGap/webSpace/blog-server/node_modules/egg-logrotator/app/schedule/rotate_by_file.js
2019-10-17 10:51:04,730 INFO 38820 [egg-schedule]: register schedule /Users/timeGap/webSpace/blog-server/node_modules/egg-multipart/app/schedule/clean_tmpdir.js
2019-10-17 10:51:04,730 INFO 38820 [egg-schedule]: register schedule /Users/timeGap/webSpace/blog-server/node_modules/egg-logrotator/app/schedule/clean_log.js
2019-10-17 10:51:04,731 INFO 38820 [egg-schedule]: register schedule /Users/timeGap/webSpace/blog-server/node_modules/egg-logrotator/app/schedule/rotate_by_file.js
2019-10-17 10:52:21,155 INFO 38826 [egg-schedule]: register schedule /Users/timeGap/webSpace/blog-server/node_modules/egg-multipart/app/schedule/clean_tmpdir.js
2019-10-17 10:52:21,155 INFO 38826 [egg-schedule]: register schedule /Users/timeGap/webSpace/blog-server/node_modules/egg-logrotator/app/schedule/clean_log.js
2019-10-17 10:52:21,155 INFO 38826 [egg-schedule]: register schedule /Users/timeGap/webSpace/blog-server/node_modules/egg-logrotator/app/schedule/rotate_by_file.js
2019-10-17 10:53:27,624 INFO 38830 [egg-schedule]: register schedule /Users/timeGap/webSpace/blog-server/node_modules/egg-multipart/app/schedule/clean_tmpdir.js
2019-10-17 10:53:27,624 INFO 38830 [egg-schedule]: register schedule /Users/timeGap/webSpace/blog-server/node_modules/egg-logrotator/app/schedule/clean_log.js
2019-10-17 10:53:27,624 INFO 38830 [egg-schedule]: register schedule /Users/timeGap/webSpace/blog-server/node_modules/egg-logrotator/app/schedule/rotate_by_file.js
2019-10-17 14:18:09,085 INFO 43963 [egg-schedule]: register schedule /Users/timeGap/webSpace/personal/egg-blog/node_modules/egg-multipart/app/schedule/clean_tmpdir.js
2019-10-17 14:18:09,086 INFO 43963 [egg-schedule]: register schedule /Users/timeGap/webSpace/personal/egg-blog/node_modules/egg-logrotator/app/schedule/clean_log.js
2019-10-17 14:18:09,086 INFO 43963 [egg-schedule]: register schedule /Users/timeGap/webSpace/personal/egg-blog/node_modules/egg-logrotator/app/schedule/rotate_by_file.js
2019-10-17 14:18:09,188 INFO 43960 [Timer] /Users/timeGap/webSpace/personal/egg-blog/node_modules/egg-multipart/app/schedule/clean_tmpdir.js next time will execute after 51110815ms at 2019-10-18 04:30:00.003
2019-10-17 14:18:09,189 INFO 43960 [Timer] /Users/timeGap/webSpace/personal/egg-blog/node_modules/egg-logrotator/app/schedule/clean_log.js next time will execute after 34910811ms at 2019-10-18 00:00:00.000
2019-10-17 14:18:09,189 INFO 43960 [Timer] /Users/timeGap/webSpace/personal/egg-blog/node_modules/egg-logrotator/app/schedule/rotate_by_file.js next time will execute after 34911811ms at 2019-10-18 00:00:01.000
